<?xml version="1.0" encoding="UTF-8"?>
<coverage generated="1760139080007" clover="3.2.0">
  <project timestamp="1760139080007" name="All files">
    <metrics statements="197" coveredstatements="151" conditionals="28" coveredconditionals="22" methods="4" coveredmethods="4" elements="229" coveredelements="177" complexity="0" loc="197" ncloc="197" packages="1" files="4" classes="4"/>
    <file name="commit.ts" path="/Users/ben/dev/Personal/covera-gg-upload-action/src/commit.ts">
      <metrics statements="39" coveredstatements="39" conditionals="7" coveredconditionals="7" methods="1" coveredmethods="1"/>
      <line num="1" count="1" type="stmt"/>
      <line num="2" count="1" type="stmt"/>
      <line num="3" count="1" type="stmt"/>
      <line num="16" count="8" type="cond" truecount="1" falsecount="0"/>
      <line num="17" count="8" type="stmt"/>
      <line num="18" count="8" type="stmt"/>
      <line num="20" count="8" type="stmt"/>
      <line num="23" count="8" type="cond" truecount="2" falsecount="0"/>
      <line num="24" count="2" type="stmt"/>
      <line num="26" count="2" type="stmt"/>
      <line num="28" count="2" type="stmt"/>
      <line num="29" count="2" type="stmt"/>
      <line num="30" count="2" type="stmt"/>
      <line num="31" count="2" type="stmt"/>
      <line num="32" count="2" type="stmt"/>
      <line num="33" count="2" type="stmt"/>
      <line num="34" count="2" type="cond" truecount="1" falsecount="0"/>
      <line num="37" count="8" type="cond" truecount="2" falsecount="0"/>
      <line num="38" count="2" type="stmt"/>
      <line num="40" count="2" type="stmt"/>
      <line num="42" count="2" type="stmt"/>
      <line num="43" count="2" type="stmt"/>
      <line num="44" count="2" type="stmt"/>
      <line num="45" count="2" type="stmt"/>
      <line num="46" count="2" type="stmt"/>
      <line num="47" count="2" type="stmt"/>
      <line num="48" count="2" type="cond" truecount="1" falsecount="0"/>
      <line num="51" count="4" type="stmt"/>
      <line num="53" count="4" type="stmt"/>
      <line num="54" count="4" type="stmt"/>
      <line num="55" count="4" type="stmt"/>
      <line num="56" count="4" type="stmt"/>
      <line num="58" count="4" type="stmt"/>
      <line num="59" count="4" type="stmt"/>
      <line num="60" count="4" type="stmt"/>
      <line num="61" count="4" type="stmt"/>
      <line num="62" count="4" type="stmt"/>
      <line num="63" count="4" type="stmt"/>
      <line num="64" count="4" type="stmt"/>
    </file>
    <file name="files.ts" path="/Users/ben/dev/Personal/covera-gg-upload-action/src/files.ts">
      <metrics statements="21" coveredstatements="21" conditionals="4" coveredconditionals="4" methods="1" coveredmethods="1"/>
      <line num="1" count="1" type="stmt"/>
      <line num="2" count="1" type="stmt"/>
      <line num="7" count="9" type="cond" truecount="1" falsecount="0"/>
      <line num="8" count="9" type="stmt"/>
      <line num="11" count="9" type="stmt"/>
      <line num="12" count="9" type="stmt"/>
      <line num="13" count="9" type="cond" truecount="1" falsecount="0"/>
      <line num="14" count="9" type="cond" truecount="1" falsecount="0"/>
      <line num="16" count="9" type="stmt"/>
      <line num="18" count="9" type="cond" truecount="1" falsecount="0"/>
      <line num="19" count="15" type="stmt"/>
      <line num="20" count="15" type="stmt"/>
      <line num="21" count="15" type="stmt"/>
      <line num="22" count="15" type="stmt"/>
      <line num="24" count="15" type="stmt"/>
      <line num="25" count="15" type="stmt"/>
      <line num="26" count="15" type="stmt"/>
      <line num="29" count="9" type="stmt"/>
      <line num="31" count="9" type="stmt"/>
      <line num="33" count="9" type="stmt"/>
      <line num="34" count="9" type="stmt"/>
    </file>
    <file name="index.ts" path="/Users/ben/dev/Personal/covera-gg-upload-action/src/index.ts">
      <metrics statements="73" coveredstatements="27" conditionals="6" coveredconditionals="1" methods="1" coveredmethods="1"/>
      <line num="1" count="1" type="stmt"/>
      <line num="2" count="1" type="stmt"/>
      <line num="3" count="1" type="stmt"/>
      <line num="4" count="1" type="stmt"/>
      <line num="5" count="1" type="stmt"/>
      <line num="7" count="1" type="cond" truecount="1" falsecount="0"/>
      <line num="8" count="1" type="stmt"/>
      <line num="10" count="1" type="stmt"/>
      <line num="11" count="1" type="cond" truecount="0" falsecount="2"/>
      <line num="14" count="1" type="stmt"/>
      <line num="15" count="1" type="cond" truecount="0" falsecount="1"/>
      <line num="16" count="0" type="stmt"/>
      <line num="17" count="0" type="stmt"/>
      <line num="18" count="0" type="stmt"/>
      <line num="19" count="0" type="stmt"/>
      <line num="20" count="0" type="stmt"/>
      <line num="21" count="0" type="stmt"/>
      <line num="22" count="0" type="stmt"/>
      <line num="24" count="0" type="stmt"/>
      <line num="25" count="0" type="stmt"/>
      <line num="26" count="0" type="stmt"/>
      <line num="28" count="1" type="stmt"/>
      <line num="29" count="1" type="stmt"/>
      <line num="30" count="1" type="stmt"/>
      <line num="33" count="1" type="stmt"/>
      <line num="34" count="1" type="cond" truecount="0" falsecount="1"/>
      <line num="35" count="0" type="stmt"/>
      <line num="36" count="0" type="stmt"/>
      <line num="39" count="0" type="stmt"/>
      <line num="40" count="0" type="stmt"/>
      <line num="42" count="0" type="stmt"/>
      <line num="43" count="0" type="stmt"/>
      <line num="44" count="0" type="stmt"/>
      <line num="45" count="0" type="stmt"/>
      <line num="46" count="0" type="stmt"/>
      <line num="47" count="0" type="stmt"/>
      <line num="48" count="0" type="stmt"/>
      <line num="49" count="0" type="stmt"/>
      <line num="50" count="0" type="stmt"/>
      <line num="51" count="0" type="stmt"/>
      <line num="52" count="0" type="stmt"/>
      <line num="54" count="0" type="stmt"/>
      <line num="55" count="0" type="stmt"/>
      <line num="56" count="0" type="stmt"/>
      <line num="57" count="0" type="stmt"/>
      <line num="60" count="0" type="stmt"/>
      <line num="61" count="0" type="stmt"/>
      <line num="62" count="0" type="stmt"/>
      <line num="63" count="0" type="stmt"/>
      <line num="64" count="0" type="stmt"/>
      <line num="65" count="0" type="stmt"/>
      <line num="66" count="0" type="stmt"/>
      <line num="67" count="0" type="stmt"/>
      <line num="68" count="0" type="stmt"/>
      <line num="69" count="0" type="stmt"/>
      <line num="70" count="0" type="stmt"/>
      <line num="71" count="0" type="stmt"/>
      <line num="74" count="0" type="stmt"/>
      <line num="75" count="0" type="stmt"/>
      <line num="76" count="0" type="stmt"/>
      <line num="78" count="0" type="stmt"/>
      <line num="79" count="0" type="stmt"/>
      <line num="80" count="1" type="stmt"/>
      <line num="81" count="1" type="cond" truecount="0" falsecount="1"/>
      <line num="82" count="1" type="stmt"/>
      <line num="84" count="1" type="stmt"/>
      <line num="85" count="1" type="stmt"/>
      <line num="87" count="1" type="stmt"/>
      <line num="88" count="1" type="stmt"/>
      <line num="89" count="1" type="stmt"/>
      <line num="90" count="1" type="stmt"/>
      <line num="91" count="1" type="stmt"/>
      <line num="93" count="1" type="stmt"/>
    </file>
    <file name="upload.ts" path="/Users/ben/dev/Personal/covera-gg-upload-action/src/upload.ts">
      <metrics statements="64" coveredstatements="64" conditionals="11" coveredconditionals="10" methods="1" coveredmethods="1"/>
      <line num="1" count="1" type="stmt"/>
      <line num="2" count="1" type="stmt"/>
      <line num="3" count="1" type="stmt"/>
      <line num="4" count="1" type="stmt"/>
      <line num="26" count="15" type="cond" truecount="1" falsecount="0"/>
      <line num="27" count="15" type="stmt"/>
      <line num="30" count="15" type="stmt"/>
      <line num="31" count="15" type="stmt"/>
      <line num="34" count="15" type="stmt"/>
      <line num="37" count="15" type="stmt"/>
      <line num="38" count="15" type="stmt"/>
      <line num="39" count="15" type="stmt"/>
      <line num="40" count="15" type="stmt"/>
      <line num="41" count="15" type="stmt"/>
      <line num="42" count="15" type="stmt"/>
      <line num="43" count="15" type="stmt"/>
      <line num="44" count="15" type="stmt"/>
      <line num="46" count="15" type="cond" truecount="1" falsecount="0"/>
      <line num="47" count="90" type="stmt"/>
      <line num="48" count="90" type="stmt"/>
      <line num="49" count="90" type="stmt"/>
      <line num="50" count="90" type="stmt"/>
      <line num="51" count="90" type="stmt"/>
      <line num="52" count="90" type="stmt"/>
      <line num="53" count="90" type="stmt"/>
      <line num="54" count="90" type="stmt"/>
      <line num="57" count="15" type="cond" truecount="1" falsecount="0"/>
      <line num="58" count="16" type="stmt"/>
      <line num="59" count="16" type="stmt"/>
      <line num="61" count="16" type="stmt"/>
      <line num="62" count="16" type="stmt"/>
      <line num="63" count="16" type="stmt"/>
      <line num="64" count="16" type="stmt"/>
      <line num="66" count="16" type="stmt"/>
      <line num="67" count="16" type="stmt"/>
      <line num="68" count="16" type="stmt"/>
      <line num="69" count="16" type="stmt"/>
      <line num="70" count="16" type="cond" truecount="1" falsecount="0"/>
      <line num="73" count="14" type="stmt"/>
      <line num="75" count="14" type="stmt"/>
      <line num="77" count="14" type="stmt"/>
      <line num="78" count="14" type="stmt"/>
      <line num="79" count="14" type="stmt"/>
      <line num="80" count="14" type="stmt"/>
      <line num="81" count="14" type="stmt"/>
      <line num="83" count="14" type="stmt"/>
      <line num="84" count="14" type="stmt"/>
      <line num="85" count="14" type="stmt"/>
      <line num="86" count="14" type="stmt"/>
      <line num="87" count="14" type="cond" truecount="1" falsecount="0"/>
      <line num="89" count="13" type="stmt"/>
      <line num="91" count="15" type="cond" truecount="2" falsecount="0"/>
      <line num="92" count="4" type="stmt"/>
      <line num="93" count="4" type="stmt"/>
      <line num="94" count="4" type="stmt"/>
      <line num="95" count="4" type="stmt"/>
      <line num="96" count="4" type="stmt"/>
      <line num="97" count="4" type="cond" truecount="1" falsecount="0"/>
      <line num="99" count="9" type="stmt"/>
      <line num="101" count="9" type="stmt"/>
      <line num="102" count="15" type="cond" truecount="1" falsecount="1"/>
      <line num="103" count="15" type="cond" truecount="1" falsecount="0"/>
      <line num="104" count="15" type="stmt"/>
      <line num="105" count="15" type="stmt"/>
    </file>
  </project>
</coverage>
