{"total": {"lines":{"total":197,"covered":151,"skipped":0,"pct":76.64},"statements":{"total":197,"covered":151,"skipped":0,"pct":76.64},"functions":{"total":4,"covered":4,"skipped":0,"pct":100},"branches":{"total":28,"covered":22,"skipped":0,"pct":78.57},"branchesTrue":{"total":0,"covered":0,"skipped":0,"pct":"Unknown"}}
,"/Users/ben/dev/Personal/covera-gg-upload-action/src/commit.ts": {"lines":{"total":39,"covered":39,"skipped":0,"pct":100},"functions":{"total":1,"covered":1,"skipped":0,"pct":100},"statements":{"total":39,"covered":39,"skipped":0,"pct":100},"branches":{"total":7,"covered":7,"skipped":0,"pct":100}}
,"/Users/ben/dev/Personal/covera-gg-upload-action/src/files.ts": {"lines":{"total":21,"covered":21,"skipped":0,"pct":100},"functions":{"total":1,"covered":1,"skipped":0,"pct":100},"statements":{"total":21,"covered":21,"skipped":0,"pct":100},"branches":{"total":4,"covered":4,"skipped":0,"pct":100}}
,"/Users/ben/dev/Personal/covera-gg-upload-action/src/index.ts": {"lines":{"total":73,"covered":27,"skipped":0,"pct":36.98},"functions":{"total":1,"covered":1,"skipped":0,"pct":100},"statements":{"total":73,"covered":27,"skipped":0,"pct":36.98},"branches":{"total":6,"covered":1,"skipped":0,"pct":16.66}}
,"/Users/ben/dev/Personal/covera-gg-upload-action/src/upload.ts": {"lines":{"total":64,"covered":64,"skipped":0,"pct":100},"functions":{"total":1,"covered":1,"skipped":0,"pct":100},"statements":{"total":64,"covered":64,"skipped":0,"pct":100},"branches":{"total":11,"covered":10,"skipped":0,"pct":90.9}}
}
