TN:
SF:src/commit.ts
FN:16,detectCommitInfo
FNF:1
FNH:1
FNDA:8,detectCommitInfo
DA:1,1
DA:2,1
DA:3,1
DA:16,8
DA:17,8
DA:18,8
DA:20,8
DA:23,8
DA:24,2
DA:26,2
DA:28,2
DA:29,2
DA:30,2
DA:31,2
DA:32,2
DA:33,2
DA:34,2
DA:37,8
DA:38,2
DA:40,2
DA:42,2
DA:43,2
DA:44,2
DA:45,2
DA:46,2
DA:47,2
DA:48,2
DA:51,4
DA:53,4
DA:54,4
DA:55,4
DA:56,4
DA:58,4
DA:59,4
DA:60,4
DA:61,4
DA:62,4
DA:63,4
DA:64,4
LF:39
LH:39
BRDA:16,0,0,8
BRDA:23,1,0,3
BRDA:23,2,0,2
BRDA:34,3,0,6
BRDA:37,4,0,3
BRDA:37,5,0,2
BRDA:48,6,0,4
BRF:7
BRH:7
end_of_record
TN:
SF:src/files.ts
FN:7,findCoverageFiles
FNF:1
FNH:1
FNDA:9,findCoverageFiles
DA:1,1
DA:2,1
DA:7,9
DA:8,9
DA:11,9
DA:12,9
DA:13,9
DA:14,9
DA:16,9
DA:18,9
DA:19,15
DA:20,15
DA:21,15
DA:22,15
DA:24,15
DA:25,15
DA:26,15
DA:29,9
DA:31,9
DA:33,9
DA:34,9
LF:21
LH:21
BRDA:7,0,0,9
BRDA:18,1,0,15
BRDA:13,2,0,16
BRDA:14,3,0,16
BRF:4
BRH:4
end_of_record
TN:
SF:src/index.ts
FN:7,run
FNF:1
FNH:1
FNDA:1,run
DA:1,1
DA:2,1
DA:3,1
DA:4,1
DA:5,1
DA:7,1
DA:8,1
DA:10,1
DA:11,1
DA:14,1
DA:15,1
DA:16,0
DA:17,0
DA:18,0
DA:19,0
DA:20,0
DA:21,0
DA:22,0
DA:24,0
DA:25,0
DA:26,0
DA:28,1
DA:29,1
DA:30,1
DA:33,1
DA:34,1
DA:35,0
DA:36,0
DA:39,0
DA:40,0
DA:42,0
DA:43,0
DA:44,0
DA:45,0
DA:46,0
DA:47,0
DA:48,0
DA:49,0
DA:50,0
DA:51,0
DA:52,0
DA:54,0
DA:55,0
DA:56,0
DA:57,0
DA:60,0
DA:61,0
DA:62,0
DA:63,0
DA:64,0
DA:65,0
DA:66,0
DA:67,0
DA:68,0
DA:69,0
DA:70,0
DA:71,0
DA:74,0
DA:75,0
DA:76,0
DA:78,0
DA:79,0
DA:80,1
DA:81,1
DA:82,1
DA:84,1
DA:85,1
DA:87,1
DA:88,1
DA:89,1
DA:90,1
DA:91,1
DA:93,1
LF:73
LH:27
BRDA:7,0,0,1
BRDA:11,1,0,0
BRDA:11,2,0,0
BRDA:15,3,0,0
BRDA:34,4,0,0
BRDA:81,5,0,0
BRF:6
BRH:1
end_of_record
TN:
SF:src/upload.ts
FN:26,uploadCoverage
FNF:1
FNH:1
FNDA:15,uploadCoverage
DA:1,1
DA:2,1
DA:3,1
DA:4,1
DA:26,15
DA:27,15
DA:30,15
DA:31,15
DA:34,15
DA:37,15
DA:38,15
DA:39,15
DA:40,15
DA:41,15
DA:42,15
DA:43,15
DA:44,15
DA:46,15
DA:47,90
DA:48,90
DA:49,90
DA:50,90
DA:51,90
DA:52,90
DA:53,90
DA:54,90
DA:57,15
DA:58,16
DA:59,16
DA:61,16
DA:62,16
DA:63,16
DA:64,16
DA:66,16
DA:67,16
DA:68,16
DA:69,16
DA:70,16
DA:73,14
DA:75,14
DA:77,14
DA:78,14
DA:79,14
DA:80,14
DA:81,14
DA:83,14
DA:84,14
DA:85,14
DA:86,14
DA:87,14
DA:89,13
DA:91,15
DA:92,4
DA:93,4
DA:94,4
DA:95,4
DA:96,4
DA:97,4
DA:99,9
DA:101,9
DA:102,15
DA:103,15
DA:104,15
DA:105,15
LF:64
LH:64
BRDA:26,0,0,15
BRDA:46,1,0,90
BRDA:57,2,0,16
BRDA:70,3,0,14
BRDA:87,4,0,13
BRDA:91,5,0,5
BRDA:91,6,0,4
BRDA:97,7,0,9
BRDA:102,8,0,7
BRDA:102,9,0,0
BRDA:103,10,0,7
BRF:11
BRH:10
end_of_record
